[   -1701ms] [ERROR] Failed to load resource: net::ERR_NAME_NOT_RESOLVED @ https://ponf.linkedin.com/pixel/tracking.png?reqid=773d35a1-6669-47d3-8744-648ef1ef429a&pageInstance=urn%3Ali%3Apage%3Ad_homepage-guest-home_jsbeacon%3BqLqR30oIQRu%2FjXzYIQ%2Fq8w%3D%3D&js=enabled:0
[   -1453ms] [WARNING] [GSI_LOGGER]: Your client application may not display the Google One Tap in its default position. When FedCM becomes mandatory, One Tap only displays in the default position. Refer to the migration guide to update your code accordingly and opt-in to FedCM to test your changes. Learn more: https://developers.google.com/identity/gsi/web/guides/fedcm-migration?s=dc#layout @ https://static.licdn.com/aero-v1/sc/h/29rdkxlvag0d3cpj96fiilbju:168
[   -1451ms] [WARNING] [GSI_LOGGER]: Your client application uses one of the Google One Tap prompt UI status methods that may stop functioning when FedCM becomes mandatory. Refer to the migration guide to update your code accordingly and opt-in to FedCM to test your changes. Learn more: https://developers.google.com/identity/gsi/web/guides/fedcm-migration?s=dc#display_moment and https://developers.google.com/identity/gsi/web/guides/fedcm-migration?s=dc#skipped_moment @ https://static.licdn.com/aero-v1/sc/h/29rdkxlvag0d3cpj96fiilbju:168
[   -1400ms] [WARNING] [GSI_LOGGER]: Currently, you disable FedCM on Google One Tap. FedCM for One Tap will become mandatory starting Oct 2024, and you won’t be able to disable it. Refer to the migration guide to update your code accordingly to ensure users will not be blocked from logging in. Learn more: https://developers.google.com/identity/gsi/web/guides/fedcm-migration @ https://static.licdn.com/aero-v1/sc/h/29rdkxlvag0d3cpj96fiilbju:168
[   -1222ms] [LOG] %c EvalError
    at nA (https://client.protechts.net/PXdOjV695v/main.min.js:2:62717)
    at pD (https://client.protechts.net/PXdOjV695v/main.min.js:2:69403)
    at Iz (https://client.protechts.net/PXdOjV695v/main.min.js:2:218742)
    at Ix (https://client.protechts.net/PXdOjV695v/main.min.js:2:218450)
    at https://client.protechts.net/PXdOjV695v/main.min.js:2:220165
    at https://client.protechts.net/PXdOjV695v/main.min.js:2:220171
    at https://client.protechts.net/PXdOjV695v/main.min.js:2:220636 @ https://client.protechts.net/PXdOjV695v/main.min.js:1
[     623ms] [ERROR] Failed to load resource: the server responded with a status of 400 () @ https://www.linkedin.com/homepage-guest/api/ingraphs/counter?csrfToken=ajax%3A3361141534862837084:0
[     747ms] [WARNING] <link rel=preload> must have a valid `as` value @ https://www.linkedin.com/login?fromSignIn=true&trk=guest_homepage-basic_nav-header-signin:99
[     747ms] [WARNING] <link rel=preload> must have a valid `as` value @ https://www.linkedin.com/login?fromSignIn=true&trk=guest_homepage-basic_nav-header-signin:100
[     748ms] [WARNING] <link rel=preload> must have a valid `as` value @ https://www.linkedin.com/login?fromSignIn=true&trk=guest_homepage-basic_nav-header-signin:101
[     748ms] [WARNING] <link rel=preload> must have a valid `as` value @ https://www.linkedin.com/login?fromSignIn=true&trk=guest_homepage-basic_nav-header-signin:102
[     748ms] [WARNING] <link rel=preload> must have a valid `as` value @ https://www.linkedin.com/login?fromSignIn=true&trk=guest_homepage-basic_nav-header-signin:105
[     748ms] [WARNING] <link rel=preload> must have a valid `as` value @ https://www.linkedin.com/login?fromSignIn=true&trk=guest_homepage-basic_nav-header-signin:106
[    2796ms] [LOG] %c EvalError
    at nA (https://client.protechts.net/PXdOjV695v/main.min.js:2:62717)
    at pD (https://client.protechts.net/PXdOjV695v/main.min.js:2:69403)
    at Iz (https://client.protechts.net/PXdOjV695v/main.min.js:2:218742)
    at Ix (https://client.protechts.net/PXdOjV695v/main.min.js:2:218450)
    at https://client.protechts.net/PXdOjV695v/main.min.js:2:220165
    at https://client.protechts.net/PXdOjV695v/main.min.js:2:220171
    at https://client.protechts.net/PXdOjV695v/main.min.js:2:220636 @ https://client.protechts.net/PXdOjV695v/main.min.js:1
[    2932ms] [WARNING] [GSI_LOGGER]: Your client application may not display the Google One Tap in its default position. When FedCM becomes mandatory, One Tap only displays in the default position. Refer to the migration guide to update your code accordingly and opt-in to FedCM to test your changes. Learn more: https://developers.google.com/identity/gsi/web/guides/fedcm-migration?s=dc#layout @ https://static.licdn.com/sc/h/aofke6z5sqc44bjlvj6yr05c8:168
[    2933ms] [WARNING] [GSI_LOGGER]: Your client application uses one of the Google One Tap prompt UI status methods that may stop functioning when FedCM becomes mandatory. Refer to the migration guide to update your code accordingly and opt-in to FedCM to test your changes. Learn more: https://developers.google.com/identity/gsi/web/guides/fedcm-migration?s=dc#display_moment and https://developers.google.com/identity/gsi/web/guides/fedcm-migration?s=dc#skipped_moment @ https://static.licdn.com/sc/h/aofke6z5sqc44bjlvj6yr05c8:168
[    2934ms] [WARNING] [GSI_LOGGER]: Currently, you disable FedCM on Google One Tap. FedCM for One Tap will become mandatory starting Oct 2024, and you won’t be able to disable it. Refer to the migration guide to update your code accordingly to ensure users will not be blocked from logging in. Learn more: https://developers.google.com/identity/gsi/web/guides/fedcm-migration @ https://static.licdn.com/sc/h/aofke6z5sqc44bjlvj6yr05c8:168
